e:\trash\game\game\debug\vc142.pdb
e:\trash\game\game\debug\vc142.idb
e:\trash\game\game\debug\player.obj
e:\trash\game\game\debug\main.obj
e:\trash\game\debug\sfml-audio-d-2.dll
e:\trash\game\debug\sfml-system-d-2.dll
e:\trash\game\debug\openal32.dll
e:\trash\game\debug\vorbisenc.dll
e:\trash\game\debug\vorbis.dll
e:\trash\game\debug\ogg.dll
e:\trash\game\debug\vorbisfile.dll
e:\trash\game\debug\flac.dll
e:\trash\game\debug\sfml-graphics-d-2.dll
e:\trash\game\debug\sfml-window-d-2.dll
e:\trash\game\debug\freetyped.dll
e:\trash\game\debug\zlibd1.dll
e:\trash\game\debug\bz2d.dll
e:\trash\game\debug\libpng16d.dll
e:\trash\game\debug\brotlidec.dll
e:\trash\game\debug\brotlicommon.dll
e:\trash\game\debug\game.exe
e:\trash\game\game\debug\game.ilk
e:\trash\game\debug\game.pdb
e:\trash\game\game\debug\game.tlog\cl.command.1.tlog
e:\trash\game\game\debug\game.tlog\cl.read.1.tlog
e:\trash\game\game\debug\game.tlog\cl.write.1.tlog
e:\trash\game\game\debug\game.tlog\game.write.1u.tlog
e:\trash\game\game\debug\game.tlog\link.command.1.tlog
e:\trash\game\game\debug\game.tlog\link.read.1.tlog
e:\trash\game\game\debug\game.tlog\link.write.1.tlog
