d:\term3\painter\painter\debug\vc142.pdb
d:\term3\painter\painter\debug\vc142.idb
d:\term3\painter\painter\debug\source.obj
d:\term3\painter\debug\painter.exe
d:\term3\painter\painter\debug\painter.ilk
d:\term3\painter\debug\painter.pdb
d:\term3\painter\debug\opencv_cored.dll
d:\term3\painter\debug\zlibd1.dll
d:\term3\painter\debug\opencv_highguid.dll
d:\term3\painter\debug\opencv_videoiod.dll
d:\term3\painter\debug\opencv_imgcodecsd.dll
d:\term3\painter\debug\opencv_imgprocd.dll
d:\term3\painter\debug\jpeg62.dll
d:\term3\painter\debug\webpd.dll
d:\term3\painter\debug\libpng16d.dll
d:\term3\painter\debug\tiffd.dll
d:\term3\painter\debug\liblzma.dll
d:\term3\painter\debug\sfml-audio-d-2.dll
d:\term3\painter\debug\sfml-system-d-2.dll
d:\term3\painter\debug\openal32.dll
d:\term3\painter\debug\vorbisenc.dll
d:\term3\painter\debug\vorbis.dll
d:\term3\painter\debug\ogg.dll
d:\term3\painter\debug\vorbisfile.dll
d:\term3\painter\debug\flac.dll
d:\term3\painter\painter\debug\fingerdetect.obj
d:\term3\painter\painter\debug\painter.tlog\cl.command.1.tlog
d:\term3\painter\painter\debug\painter.tlog\cl.read.1.tlog
d:\term3\painter\painter\debug\painter.tlog\cl.write.1.tlog
d:\term3\painter\painter\debug\painter.tlog\link.command.1.tlog
d:\term3\painter\painter\debug\painter.tlog\link.read.1.tlog
d:\term3\painter\painter\debug\painter.tlog\link.write.1.tlog
d:\term3\painter\painter\debug\painter.tlog\painter.write.1u.tlog
