e:\trash\game\game\release\vc142.pdb
e:\trash\game\game\release\player.obj
e:\trash\game\game\release\main.obj
e:\trash\game\release\sfml-audio-2.dll
e:\trash\game\release\sfml-system-2.dll
e:\trash\game\release\openal32.dll
e:\trash\game\release\vorbisenc.dll
e:\trash\game\release\vorbis.dll
e:\trash\game\release\ogg.dll
e:\trash\game\release\vorbisfile.dll
e:\trash\game\release\flac.dll
e:\trash\game\release\sfml-graphics-2.dll
e:\trash\game\release\sfml-window-2.dll
e:\trash\game\release\freetype.dll
e:\trash\game\release\zlib1.dll
e:\trash\game\release\bz2.dll
e:\trash\game\release\libpng16.dll
e:\trash\game\release\brotlidec.dll
e:\trash\game\release\brotlicommon.dll
e:\trash\game\release\game.exe
e:\trash\game\game\release\game.ipdb
e:\trash\game\game\release\game.iobj
e:\trash\game\release\game.pdb
e:\trash\game\game\release\game.tlog\cl.command.1.tlog
e:\trash\game\game\release\game.tlog\cl.read.1.tlog
e:\trash\game\game\release\game.tlog\cl.write.1.tlog
e:\trash\game\game\release\game.tlog\game.write.1u.tlog
e:\trash\game\game\release\game.tlog\link.command.1.tlog
e:\trash\game\game\release\game.tlog\link.read.1.tlog
e:\trash\game\game\release\game.tlog\link.write.1.tlog
