d:\repos\serpinskytriangle\serpinskytriangle\release\vc142.pdb
d:\repos\serpinskytriangle\serpinskytriangle\release\source.obj
d:\term3\serpinskytriangle\serpinskytriangle\release\vc142.pdb
d:\term3\serpinskytriangle\serpinskytriangle\release\source.obj
e:\term3\serpinskytriangle\serpinskytriangle\release\vc142.pdb
e:\term3\serpinskytriangle\serpinskytriangle\release\source.obj
d:\repos\serpinskytriangle\release\serpinskytriangle.exe
d:\repos\serpinskytriangle\serpinskytriangle\release\serpinskytriangle.ipdb
d:\repos\serpinskytriangle\serpinskytriangle\release\serpinskytriangle.iobj
d:\repos\serpinskytriangle\release\serpinskytriangle.pdb
d:\term3\serpinskytriangle\release\serpinskytriangle.exe
d:\term3\serpinskytriangle\serpinskytriangle\release\serpinskytriangle.ipdb
d:\term3\serpinskytriangle\serpinskytriangle\release\serpinskytriangle.iobj
d:\term3\serpinskytriangle\release\serpinskytriangle.pdb
d:\repos\serpinskytriangle\release\sfml-graphics-2.dll
d:\repos\serpinskytriangle\release\sfml-window-2.dll
d:\repos\serpinskytriangle\release\sfml-system-2.dll
d:\repos\serpinskytriangle\release\freetype.dll
d:\repos\serpinskytriangle\release\zlib1.dll
d:\repos\serpinskytriangle\release\bz2.dll
d:\repos\serpinskytriangle\release\libpng16.dll
d:\repos\serpinskytriangle\release\brotlidec.dll
d:\repos\serpinskytriangle\release\brotlicommon.dll
d:\term3\serpinskytriangle\release\sfml-graphics-2.dll
d:\term3\serpinskytriangle\release\sfml-window-2.dll
d:\term3\serpinskytriangle\release\sfml-system-2.dll
d:\term3\serpinskytriangle\release\freetype.dll
d:\term3\serpinskytriangle\release\zlib1.dll
d:\term3\serpinskytriangle\release\bz2.dll
d:\term3\serpinskytriangle\release\libpng16.dll
d:\term3\serpinskytriangle\release\brotlidec.dll
d:\term3\serpinskytriangle\release\brotlicommon.dll
e:\term3\serpinskytriangle\serpinskytriangle\release\serpinskytriangle.ipdb
e:\term3\serpinskytriangle\serpinskytriangle\release\serpinskytriangle.iobj
e:\term3\serpinskytriangle\release\serpinskytriangle.pdb
e:\term3\serpinskytriangle\release\serpinskytriangle.exe
e:\term3\serpinskytriangle\serpinskytriangle\release\serpinsk.6e87235d.tlog\cl.command.1.tlog
e:\term3\serpinskytriangle\serpinskytriangle\release\serpinsk.6e87235d.tlog\cl.read.1.tlog
e:\term3\serpinskytriangle\serpinskytriangle\release\serpinsk.6e87235d.tlog\cl.write.1.tlog
e:\term3\serpinskytriangle\serpinskytriangle\release\serpinsk.6e87235d.tlog\link.command.1.tlog
e:\term3\serpinskytriangle\serpinskytriangle\release\serpinsk.6e87235d.tlog\link.read.1.tlog
e:\term3\serpinskytriangle\serpinskytriangle\release\serpinsk.6e87235d.tlog\link.write.1.tlog
e:\term3\serpinskytriangle\serpinskytriangle\release\serpinsk.6e87235d.tlog\serpinskytriangle.write.1u.tlog
